
-----------------------------------------------------------------
  pg_upgrade run on Sun Dec  9 12:41:09 2018
-----------------------------------------------------------------

check for "/usr/local/Cellar/postgresql@9.6/9.6.5/bin" failed: No such file or directory


-----------------------------------------------------------------
  pg_upgrade run on Sun Dec  9 12:49:39 2018
-----------------------------------------------------------------

Performing Consistency Checks
-----------------------------
Checking cluster versions                                   Old cluster data and binary directories are from different major versions.

-----------------------------------------------------------------
  pg_upgrade run on Sun Dec  9 12:49:58 2018
-----------------------------------------------------------------

Performing Consistency Checks
-----------------------------
Checking cluster versions                                   Old cluster data and binary directories are from different major versions.

-----------------------------------------------------------------
  pg_upgrade run on Sun Dec  9 12:56:45 2018
-----------------------------------------------------------------

Performing Consistency Checks
-----------------------------
Checking cluster versions                                   Old cluster data and binary directories are from different major versions.

-----------------------------------------------------------------
  pg_upgrade run on Sun Dec  9 12:59:20 2018
-----------------------------------------------------------------

Performing Consistency Checks
-----------------------------
Checking cluster versions                                   Old cluster data and binary directories are from different major versions.
